1633675702548	geckodriver	INFO	Listening on 127.0.0.1:58507
1633675702559	mozrunner::runner	INFO	Running command: "/usr/bin/firefox" "--marionette" "-no-remote" "-profile" "/tmp/rust_mozprofile2d9GXh"
1633675703175	Marionette	INFO	Marionette enabled
console.warn: SearchSettings: "get: No settings file exists, new profile?" (new NotFoundError("Could not open the file at /tmp/rust_mozprofile2d9GXh/search.json.mozlz4", (void 0)))
1633675704117	Marionette	INFO	Listening on port 41723
1633675704175	RemoteAgent	WARN	TLS certificate errors will be ignored for this session
1633675709857	Marionette	INFO	Stopped listening on port 41723
JavaScript error: resource:///modules/Interactions.jsm, line 201: NS_ERROR_FAILURE: Component returned failure code: 0x80004005 (NS_ERROR_FAILURE) [nsIUserIdleService.removeIdleObserver]
console.warn: TopSitesFeed: Failed to fetch data from Contile server: NetworkError when attempting to fetch resource.
JavaScript error: chrome://remote/content/marionette/cert.js, line 55: NS_ERROR_NOT_AVAILABLE: Component returned failure code: 0x80040111 (NS_ERROR_NOT_AVAILABLE) [nsICertOverrideService.setDisableAllSecurityChecksAndLetAttackersInterceptMyData]
1633676714951	geckodriver::marionette	ERROR	Failed to close browser connection: Socket not connected (os error 107)
1633676734722	geckodriver	INFO	Listening on 127.0.0.1:47019
1633676734726	mozrunner::runner	INFO	Running command: "/usr/bin/firefox" "--marionette" "-no-remote" "-profile" "/tmp/rust_mozprofileOVM60z"
1633676735340	Marionette	INFO	Marionette enabled
console.warn: SearchSettings: "get: No settings file exists, new profile?" (new NotFoundError("Could not open the file at /tmp/rust_mozprofileOVM60z/search.json.mozlz4", (void 0)))
1633676736386	Marionette	INFO	Listening on port 45327
1633676736475	RemoteAgent	WARN	TLS certificate errors will be ignored for this session
1633676739087	Marionette	INFO	Stopped listening on port 45327
JavaScript error: resource:///modules/Interactions.jsm, line 201: NS_ERROR_FAILURE: Component returned failure code: 0x80004005 (NS_ERROR_FAILURE) [nsIUserIdleService.removeIdleObserver]
console.warn: TopSitesFeed: Failed to fetch data from Contile server: NetworkError when attempting to fetch resource.
JavaScript error: chrome://remote/content/marionette/cert.js, line 55: NS_ERROR_NOT_AVAILABLE: Component returned failure code: 0x80040111 (NS_ERROR_NOT_AVAILABLE) [nsICertOverrideService.setDisableAllSecurityChecksAndLetAttackersInterceptMyData]
1633676739856	geckodriver::marionette	ERROR	Failed to close browser connection: Socket not connected (os error 107)
1633676749981	geckodriver	INFO	Listening on 127.0.0.1:45305
1633676750994	mozrunner::runner	INFO	Running command: "/usr/bin/firefox" "--marionette" "-no-remote" "-profile" "/tmp/rust_mozprofiletVjI6X"
1633676751612	Marionette	INFO	Marionette enabled
console.warn: SearchSettings: "get: No settings file exists, new profile?" (new NotFoundError("Could not open the file at /tmp/rust_mozprofiletVjI6X/search.json.mozlz4", (void 0)))
1633676752677	Marionette	INFO	Listening on port 37105
1633676752736	RemoteAgent	WARN	TLS certificate errors will be ignored for this session
1633676757048	Marionette	INFO	Stopped listening on port 37105
JavaScript error: resource:///modules/Interactions.jsm, line 201: NS_ERROR_FAILURE: Component returned failure code: 0x80004005 (NS_ERROR_FAILURE) [nsIUserIdleService.removeIdleObserver]
console.warn: TopSitesFeed: Failed to fetch data from Contile server: NetworkError when attempting to fetch resource.
JavaScript error: chrome://remote/content/marionette/cert.js, line 55: NS_ERROR_NOT_AVAILABLE: Component returned failure code: 0x80040111 (NS_ERROR_NOT_AVAILABLE) [nsICertOverrideService.setDisableAllSecurityChecksAndLetAttackersInterceptMyData]
1633676929339	geckodriver	INFO	Listening on 127.0.0.1:56405
1633676929342	mozrunner::runner	INFO	Running command: "/usr/bin/firefox" "--marionette" "-no-remote" "-profile" "/tmp/rust_mozprofileylWBWo"
1633676929943	Marionette	INFO	Marionette enabled
console.warn: SearchSettings: "get: No settings file exists, new profile?" (new NotFoundError("Could not open the file at /tmp/rust_mozprofileylWBWo/search.json.mozlz4", (void 0)))
1633676931035	Marionette	INFO	Listening on port 46695
1633676931084	RemoteAgent	WARN	TLS certificate errors will be ignored for this session
1633676937306	Marionette	INFO	Stopped listening on port 46695
JavaScript error: resource:///modules/Interactions.jsm, line 201: NS_ERROR_FAILURE: Component returned failure code: 0x80004005 (NS_ERROR_FAILURE) [nsIUserIdleService.removeIdleObserver]
console.warn: TopSitesFeed: Failed to fetch data from Contile server: NetworkError when attempting to fetch resource.
JavaScript error: chrome://remote/content/marionette/cert.js, line 55: NS_ERROR_NOT_AVAILABLE: Component returned failure code: 0x80040111 (NS_ERROR_NOT_AVAILABLE) [nsICertOverrideService.setDisableAllSecurityChecksAndLetAttackersInterceptMyData]

###!!! [Parent][RunMessage] Error: Channel closing: too late to send/recv, messages will be lost

1633676950672	geckodriver	INFO	Listening on 127.0.0.1:41637
1633676950678	mozrunner::runner	INFO	Running command: "/usr/bin/firefox" "--marionette" "-no-remote" "-profile" "/tmp/rust_mozprofileKcgz79"
1633676951331	Marionette	INFO	Marionette enabled
console.warn: SearchSettings: "get: No settings file exists, new profile?" (new NotFoundError("Could not open the file at /tmp/rust_mozprofileKcgz79/search.json.mozlz4", (void 0)))
1633676952347	Marionette	INFO	Listening on port 36469
1633676952421	RemoteAgent	WARN	TLS certificate errors will be ignored for this session
JavaScript error: resource://devtools/server/actors/network-monitor/network-event-actor.js, line 109: Error: Got a request https://fonts.googleapis.com/css?family=Poppins:700 without a browsingContextID set
JavaScript error: resource://devtools/server/actors/network-monitor/network-event-actor.js, line 109: Error: Got a request https://fonts.googleapis.com/css?family=Open%20Sans:400,600,700 without a browsingContextID set
JavaScript error: resource://devtools/server/actors/network-monitor/network-event-actor.js, line 109: Error: Got a request https://static.remove.bg/remove-bg-web/94d2aee5eb04f99c74eb8c98ee22ef29d449bc28/packs/css/application-d84cc1d5.css without a browsingContextID set
JavaScript warning: https://code.jquery.com/jquery-1.10.2.min.js, line 2: Using //@ to indicate sourceMappingURL pragmas is deprecated. Use //# instead
JavaScript error: https://www.seleniumeasy.com/sites/default/files/js/js_1pwJufKjiQsl5tLfRR9NEVuVtIW5DVu-beBr8FbgvmM.js, line 10: TypeError: $(...).get(...) is undefined
JavaScript error: https://www.seleniumeasy.com/sites/default/files/js/js_1pwJufKjiQsl5tLfRR9NEVuVtIW5DVu-beBr8FbgvmM.js, line 10: TypeError: $(...).get(...) is undefined
JavaScript error: https://www.seleniumeasy.com/sites/default/files/js/js_1pwJufKjiQsl5tLfRR9NEVuVtIW5DVu-beBr8FbgvmM.js, line 10: TypeError: $(...).get(...) is undefined
JavaScript error: https://www.seleniumeasy.com/sites/default/files/js/js_1pwJufKjiQsl5tLfRR9NEVuVtIW5DVu-beBr8FbgvmM.js, line 10: TypeError: $(...).get(...) is undefined
JavaScript error: https://www.seleniumeasy.com/sites/default/files/js/js_1pwJufKjiQsl5tLfRR9NEVuVtIW5DVu-beBr8FbgvmM.js, line 10: TypeError: $(...).get(...) is undefined
JavaScript error: https://www.seleniumeasy.com/sites/default/files/js/js_1pwJufKjiQsl5tLfRR9NEVuVtIW5DVu-beBr8FbgvmM.js, line 10: TypeError: $(...).get(...) is undefined
JavaScript error: https://www.seleniumeasy.com/sites/default/files/js/js_1pwJufKjiQsl5tLfRR9NEVuVtIW5DVu-beBr8FbgvmM.js, line 10: TypeError: $(...).get(...) is undefined
JavaScript error: https://www.seleniumeasy.com/sites/default/files/js/js_1pwJufKjiQsl5tLfRR9NEVuVtIW5DVu-beBr8FbgvmM.js, line 10: TypeError: $(...).get(...) is undefined
JavaScript error: https://www.seleniumeasy.com/sites/default/files/js/js_1pwJufKjiQsl5tLfRR9NEVuVtIW5DVu-beBr8FbgvmM.js, line 10: TypeError: $(...).get(...) is undefined
JavaScript error: https://www.seleniumeasy.com/sites/default/files/js/js_1pwJufKjiQsl5tLfRR9NEVuVtIW5DVu-beBr8FbgvmM.js, line 10: TypeError: $(...).get(...) is undefined
JavaScript error: https://www.seleniumeasy.com/sites/default/files/js/js_1pwJufKjiQsl5tLfRR9NEVuVtIW5DVu-beBr8FbgvmM.js, line 10: TypeError: $(...).get(...) is undefined
JavaScript error: https://www.seleniumeasy.com/sites/default/files/js/js_1pwJufKjiQsl5tLfRR9NEVuVtIW5DVu-beBr8FbgvmM.js, line 10: TypeError: $(...).get(...) is undefined
JavaScript error: https://www.seleniumeasy.com/sites/default/files/js/js_1pwJufKjiQsl5tLfRR9NEVuVtIW5DVu-beBr8FbgvmM.js, line 10: TypeError: $(...).get(...) is undefined
JavaScript error: https://www.seleniumeasy.com/sites/default/files/js/js_1pwJufKjiQsl5tLfRR9NEVuVtIW5DVu-beBr8FbgvmM.js, line 10: TypeError: $(...).get(...) is undefined
JavaScript error: https://www.seleniumeasy.com/sites/default/files/js/js_1pwJufKjiQsl5tLfRR9NEVuVtIW5DVu-beBr8FbgvmM.js, line 10: TypeError: $(...).get(...) is undefined
JavaScript error: https://www.seleniumeasy.com/sites/default/files/js/js_1pwJufKjiQsl5tLfRR9NEVuVtIW5DVu-beBr8FbgvmM.js, line 10: TypeError: $(...).get(...) is undefined
JavaScript error: https://www.seleniumeasy.com/sites/default/files/js/js_1pwJufKjiQsl5tLfRR9NEVuVtIW5DVu-beBr8FbgvmM.js, line 10: TypeError: $(...).get(...) is undefined
JavaScript error: https://www.seleniumeasy.com/sites/default/files/js/js_1pwJufKjiQsl5tLfRR9NEVuVtIW5DVu-beBr8FbgvmM.js, line 10: TypeError: $(...).get(...) is undefined
JavaScript error: https://www.seleniumeasy.com/sites/default/files/js/js_1pwJufKjiQsl5tLfRR9NEVuVtIW5DVu-beBr8FbgvmM.js, line 10: TypeError: $(...).get(...) is undefined
JavaScript error: https://www.seleniumeasy.com/sites/default/files/js/js_1pwJufKjiQsl5tLfRR9NEVuVtIW5DVu-beBr8FbgvmM.js, line 10: TypeError: $(...).get(...) is undefined
JavaScript error: https://www.seleniumeasy.com/sites/default/files/js/js_1pwJufKjiQsl5tLfRR9NEVuVtIW5DVu-beBr8FbgvmM.js, line 10: TypeError: $(...).get(...) is undefined
JavaScript error: https://www.seleniumeasy.com/sites/default/files/js/js_1pwJufKjiQsl5tLfRR9NEVuVtIW5DVu-beBr8FbgvmM.js, line 10: TypeError: $(...).get(...) is undefined
JavaScript error: https://www.seleniumeasy.com/sites/default/files/js/js_1pwJufKjiQsl5tLfRR9NEVuVtIW5DVu-beBr8FbgvmM.js, line 10: TypeError: $(...).get(...) is undefined
JavaScript error: https://www.seleniumeasy.com/sites/default/files/js/js_1pwJufKjiQsl5tLfRR9NEVuVtIW5DVu-beBr8FbgvmM.js, line 10: TypeError: $(...).get(...) is undefined
JavaScript error: https://www.seleniumeasy.com/sites/default/files/js/js_1pwJufKjiQsl5tLfRR9NEVuVtIW5DVu-beBr8FbgvmM.js, line 10: TypeError: $(...).get(...) is undefined
JavaScript error: https://www.seleniumeasy.com/sites/default/files/js/js_1pwJufKjiQsl5tLfRR9NEVuVtIW5DVu-beBr8FbgvmM.js, line 10: TypeError: $(...).get(...) is undefined
JavaScript error: https://www.seleniumeasy.com/sites/default/files/js/js_1pwJufKjiQsl5tLfRR9NEVuVtIW5DVu-beBr8FbgvmM.js, line 10: TypeError: $(...).get(...) is undefined
JavaScript error: https://www.seleniumeasy.com/sites/default/files/js/js_1pwJufKjiQsl5tLfRR9NEVuVtIW5DVu-beBr8FbgvmM.js, line 10: TypeError: $(...).get(...) is undefined
JavaScript error: https://www.seleniumeasy.com/sites/default/files/js/js_1pwJufKjiQsl5tLfRR9NEVuVtIW5DVu-beBr8FbgvmM.js, line 10: TypeError: $(...).get(...) is undefined
JavaScript error: https://www.seleniumeasy.com/sites/default/files/js/js_1pwJufKjiQsl5tLfRR9NEVuVtIW5DVu-beBr8FbgvmM.js, line 10: TypeError: $(...).get(...) is undefined
JavaScript error: https://www.seleniumeasy.com/sites/default/files/js/js_1pwJufKjiQsl5tLfRR9NEVuVtIW5DVu-beBr8FbgvmM.js, line 10: TypeError: $(...).get(...) is undefined
JavaScript error: https://www.seleniumeasy.com/sites/default/files/js/js_1pwJufKjiQsl5tLfRR9NEVuVtIW5DVu-beBr8FbgvmM.js, line 10: TypeError: $(...).get(...) is undefined
JavaScript error: https://www.seleniumeasy.com/sites/default/files/js/js_1pwJufKjiQsl5tLfRR9NEVuVtIW5DVu-beBr8FbgvmM.js, line 10: TypeError: $(...).get(...) is undefined
JavaScript error: https://www.seleniumeasy.com/sites/default/files/js/js_1pwJufKjiQsl5tLfRR9NEVuVtIW5DVu-beBr8FbgvmM.js, line 10: TypeError: $(...).get(...) is undefined
JavaScript error: https://www.seleniumeasy.com/sites/default/files/js/js_1pwJufKjiQsl5tLfRR9NEVuVtIW5DVu-beBr8FbgvmM.js, line 10: TypeError: $(...).get(...) is undefined
JavaScript error: https://www.seleniumeasy.com/sites/default/files/js/js_1pwJufKjiQsl5tLfRR9NEVuVtIW5DVu-beBr8FbgvmM.js, line 10: TypeError: $(...).get(...) is undefined
JavaScript error: https://www.seleniumeasy.com/sites/default/files/js/js_1pwJufKjiQsl5tLfRR9NEVuVtIW5DVu-beBr8FbgvmM.js, line 10: TypeError: $(...).get(...) is undefined
JavaScript error: https://www.seleniumeasy.com/sites/default/files/js/js_1pwJufKjiQsl5tLfRR9NEVuVtIW5DVu-beBr8FbgvmM.js, line 10: TypeError: $(...).get(...) is undefined
JavaScript error: https://www.seleniumeasy.com/sites/default/files/js/js_1pwJufKjiQsl5tLfRR9NEVuVtIW5DVu-beBr8FbgvmM.js, line 10: TypeError: $(...).get(...) is undefined
JavaScript error: https://www.seleniumeasy.com/sites/default/files/js/js_1pwJufKjiQsl5tLfRR9NEVuVtIW5DVu-beBr8FbgvmM.js, line 10: TypeError: $(...).get(...) is undefined
JavaScript error: https://www.seleniumeasy.com/sites/default/files/js/js_1pwJufKjiQsl5tLfRR9NEVuVtIW5DVu-beBr8FbgvmM.js, line 10: TypeError: $(...).get(...) is undefined
JavaScript error: https://www.seleniumeasy.com/sites/default/files/js/js_1pwJufKjiQsl5tLfRR9NEVuVtIW5DVu-beBr8FbgvmM.js, line 10: TypeError: $(...).get(...) is undefined
JavaScript error: https://www.seleniumeasy.com/sites/default/files/js/js_1pwJufKjiQsl5tLfRR9NEVuVtIW5DVu-beBr8FbgvmM.js, line 10: TypeError: $(...).get(...) is undefined
JavaScript error: https://www.seleniumeasy.com/sites/default/files/js/js_1pwJufKjiQsl5tLfRR9NEVuVtIW5DVu-beBr8FbgvmM.js, line 10: TypeError: $(...).get(...) is undefined
JavaScript error: https://www.seleniumeasy.com/sites/default/files/js/js_1pwJufKjiQsl5tLfRR9NEVuVtIW5DVu-beBr8FbgvmM.js, line 10: TypeError: $(...).get(...) is undefined
JavaScript error: https://www.seleniumeasy.com/sites/default/files/js/js_1pwJufKjiQsl5tLfRR9NEVuVtIW5DVu-beBr8FbgvmM.js, line 10: TypeError: $(...).get(...) is undefined
JavaScript error: https://www.seleniumeasy.com/sites/default/files/js/js_1pwJufKjiQsl5tLfRR9NEVuVtIW5DVu-beBr8FbgvmM.js, line 10: TypeError: $(...).get(...) is undefined
JavaScript warning: https://pagead2.googlesyndication.com/bg/uoJ82QSyBbq_FXH5zff91I1FpHA-XwZ_JVg0ka7Wlv0.js line 1 > eval line 4114 > eval, line 1: WEBGL_debug_renderer_info is deprecated in Firefox and will be removed. Please use RENDERER.
JavaScript warning: https://code.jquery.com/jquery-1.10.2.min.js, line 2: Using //@ to indicate sourceMappingURL pragmas is deprecated. Use //# instead
JavaScript warning: https://pagead2.googlesyndication.com/bg/uoJ82QSyBbq_FXH5zff91I1FpHA-XwZ_JVg0ka7Wlv0.js line 1 > eval line 4982 > eval, line 1: WEBGL_debug_renderer_info is deprecated in Firefox and will be removed. Please use RENDERER.
JavaScript error: resource://devtools/server/actors/network-monitor/network-event-actor.js, line 109: Error: Got a request https://www.seleniumeasy.com/sites/default/files/css/css_lQaZfjVpwP_oGNqdtWCSpJT1EMqXdMiU84ekLLxQnc4.css without a browsingContextID set
JavaScript error: resource://devtools/server/actors/network-monitor/network-event-actor.js, line 109: Error: Got a request https://www.seleniumeasy.com/sites/default/files/css/css__LeQxW73LSYscb1O__H6f-j_jdAzhZBaesGL19KEB6U.css without a browsingContextID set
JavaScript error: resource://devtools/server/actors/network-monitor/network-event-actor.js, line 109: Error: Got a request https://www.seleniumeasy.com/sites/default/files/css/css_Ee4Jcd4wXkloMIfmpgVO9rhWBbyAWkDle71UJB7PyWA.css without a browsingContextID set
JavaScript error: resource://devtools/server/actors/network-monitor/network-event-actor.js, line 109: Error: Got a request https://www.seleniumeasy.com/sites/default/files/css/css_J6zhYOFDv1ukgDxd6Xo5sJidrnpaDOaolvwuUJAzoRI.css without a browsingContextID set
JavaScript error: resource://devtools/server/actors/network-monitor/network-event-actor.js, line 109: Error: Got a request https://cdn.jsdelivr.net/npm/bootstrap@3.3.5/dist/css/bootstrap.min.css without a browsingContextID set
JavaScript error: resource://devtools/server/actors/network-monitor/network-event-actor.js, line 109: Error: Got a request https://cdn.jsdelivr.net/npm/@unicorn-fail/drupal-bootstrap-styles@0.0.2/dist/3.3.1/7.x-3.x/drupal-bootstrap.min.css without a browsingContextID set
JavaScript error: resource://devtools/server/actors/network-monitor/network-event-actor.js, line 109: Error: Got a request https://www.seleniumeasy.com/sites/default/files/css/css_m7D7qHRxXqlx4C725iGz5YHYPmnQ1eDwEQg-CQdFMP4.css without a browsingContextID set
JavaScript error: resource://devtools/server/actors/network-monitor/network-event-actor.js, line 109: Error: Got a request https://www.seleniumeasy.com/sites/default/files/css/css_5KryX9Xbil4qx_uIqnVaZjWzsCJrRBFvOx5GWMoeDYU.css without a browsingContextID set
1633677047192	Marionette	INFO	Stopped listening on port 36469
JavaScript error: resource:///modules/Interactions.jsm, line 201: NS_ERROR_FAILURE: Component returned failure code: 0x80004005 (NS_ERROR_FAILURE) [nsIUserIdleService.removeIdleObserver]
JavaScript error: chrome://remote/content/marionette/cert.js, line 55: NS_ERROR_NOT_AVAILABLE: Component returned failure code: 0x80040111 (NS_ERROR_NOT_AVAILABLE) [nsICertOverrideService.setDisableAllSecurityChecksAndLetAttackersInterceptMyData]

###!!! [Parent][RunMessage] Error: Channel closing: too late to send/recv, messages will be lost

1633677096720	geckodriver	INFO	Listening on 127.0.0.1:51621
1633677097725	mozrunner::runner	INFO	Running command: "/usr/bin/firefox" "--marionette" "-no-remote" "-profile" "/tmp/rust_mozprofileEQSbfM"
1633677098335	Marionette	INFO	Marionette enabled
console.warn: SearchSettings: "get: No settings file exists, new profile?" (new NotFoundError("Could not open the file at /tmp/rust_mozprofileEQSbfM/search.json.mozlz4", (void 0)))
1633677099353	Marionette	INFO	Listening on port 41913
1633677099466	RemoteAgent	WARN	TLS certificate errors will be ignored for this session
1633677111475	Marionette	INFO	Stopped listening on port 41913
JavaScript error: resource:///modules/Interactions.jsm, line 201: NS_ERROR_FAILURE: Component returned failure code: 0x80004005 (NS_ERROR_FAILURE) [nsIUserIdleService.removeIdleObserver]
console.warn: TopSitesFeed: Failed to fetch data from Contile server: NetworkError when attempting to fetch resource.
JavaScript error: chrome://remote/content/marionette/cert.js, line 55: NS_ERROR_NOT_AVAILABLE: Component returned failure code: 0x80040111 (NS_ERROR_NOT_AVAILABLE) [nsICertOverrideService.setDisableAllSecurityChecksAndLetAttackersInterceptMyData]

###!!! [Parent][RunMessage] Error: Channel closing: too late to send/recv, messages will be lost

1633677151674	geckodriver	INFO	Listening on 127.0.0.1:38621
1633677151677	mozrunner::runner	INFO	Running command: "/usr/bin/firefox" "--marionette" "-no-remote" "-profile" "/tmp/rust_mozprofilet6HNbw"
1633677152328	Marionette	INFO	Marionette enabled
console.warn: SearchSettings: "get: No settings file exists, new profile?" (new NotFoundError("Could not open the file at /tmp/rust_mozprofilet6HNbw/search.json.mozlz4", (void 0)))
1633677153379	Marionette	INFO	Listening on port 39111
1633677153410	RemoteAgent	WARN	TLS certificate errors will be ignored for this session
1633677252863	geckodriver	INFO	Listening on 127.0.0.1:43483
1633677252866	mozrunner::runner	INFO	Running command: "/usr/bin/firefox" "--marionette" "-no-remote" "-profile" "/tmp/rust_mozprofilemLSZwu"
1633677253478	Marionette	INFO	Marionette enabled
console.warn: SearchSettings: "get: No settings file exists, new profile?" (new NotFoundError("Could not open the file at /tmp/rust_mozprofilemLSZwu/search.json.mozlz4", (void 0)))
1633677254545	Marionette	INFO	Listening on port 45127
1633677254581	RemoteAgent	WARN	TLS certificate errors will be ignored for this session
1633677271523	Marionette	INFO	Stopped listening on port 45127
JavaScript error: resource:///modules/Interactions.jsm, line 201: NS_ERROR_FAILURE: Component returned failure code: 0x80004005 (NS_ERROR_FAILURE) [nsIUserIdleService.removeIdleObserver]
console.warn: TopSitesFeed: Failed to fetch data from Contile server: NetworkError when attempting to fetch resource.
JavaScript error: chrome://remote/content/marionette/cert.js, line 55: NS_ERROR_NOT_AVAILABLE: Component returned failure code: 0x80040111 (NS_ERROR_NOT_AVAILABLE) [nsICertOverrideService.setDisableAllSecurityChecksAndLetAttackersInterceptMyData]
1633677273656	geckodriver	INFO	Listening on 127.0.0.1:54417
1633677273662	mozrunner::runner	INFO	Running command: "/usr/bin/firefox" "--marionette" "-no-remote" "-profile" "/tmp/rust_mozprofileJyXs3G"
1633677274278	Marionette	INFO	Marionette enabled
console.warn: SearchSettings: "get: No settings file exists, new profile?" (new NotFoundError("Could not open the file at /tmp/rust_mozprofileJyXs3G/search.json.mozlz4", (void 0)))
1633677275392	Marionette	INFO	Listening on port 34429
1633677275490	RemoteAgent	WARN	TLS certificate errors will be ignored for this session
1633677289354	Marionette	INFO	Stopped listening on port 34429
JavaScript error: resource:///modules/Interactions.jsm, line 201: NS_ERROR_FAILURE: Component returned failure code: 0x80004005 (NS_ERROR_FAILURE) [nsIUserIdleService.removeIdleObserver]
console.warn: TopSitesFeed: Failed to fetch data from Contile server: NetworkError when attempting to fetch resource.
JavaScript error: chrome://remote/content/marionette/cert.js, line 55: NS_ERROR_NOT_AVAILABLE: Component returned failure code: 0x80040111 (NS_ERROR_NOT_AVAILABLE) [nsICertOverrideService.setDisableAllSecurityChecksAndLetAttackersInterceptMyData]

###!!! [Parent][RunMessage] Error: Channel closing: too late to send/recv, messages will be lost

1633677353771	geckodriver	INFO	Listening on 127.0.0.1:55661
1633677353776	mozrunner::runner	INFO	Running command: "/usr/bin/firefox" "--marionette" "-no-remote" "-profile" "/tmp/rust_mozprofileDwNZP7"
1633677354431	Marionette	INFO	Marionette enabled
console.warn: SearchSettings: "get: No settings file exists, new profile?" (new NotFoundError("Could not open the file at /tmp/rust_mozprofileDwNZP7/search.json.mozlz4", (void 0)))
1633677355529	Marionette	INFO	Listening on port 40227
1633677355616	RemoteAgent	WARN	TLS certificate errors will be ignored for this session
1633677357622	Marionette	INFO	Stopped listening on port 40227
JavaScript error: resource:///modules/Interactions.jsm, line 201: NS_ERROR_FAILURE: Component returned failure code: 0x80004005 (NS_ERROR_FAILURE) [nsIUserIdleService.removeIdleObserver]
console.warn: TopSitesFeed: Failed to fetch data from Contile server: NetworkError when attempting to fetch resource.
1633677357650	geckodriver::marionette	ERROR	Failed to close browser connection: Socket not connected (os error 107)
JavaScript error: chrome://remote/content/marionette/cert.js, line 55: NS_ERROR_NOT_AVAILABLE: Component returned failure code: 0x80040111 (NS_ERROR_NOT_AVAILABLE) [nsICertOverrideService.setDisableAllSecurityChecksAndLetAttackersInterceptMyData]
console.log: WebExtensions: reset-default-search: starting.
console.log: WebExtensions: reset-default-search: No addons in our list are installed.
1633678032642	geckodriver	INFO	Listening on 127.0.0.1:36431
1633678032645	mozrunner::runner	INFO	Running command: "/usr/bin/firefox" "--marionette" "-no-remote" "-profile" "/tmp/rust_mozprofile9VQrwe"
1633678033260	Marionette	INFO	Marionette enabled
console.warn: SearchSettings: "get: No settings file exists, new profile?" (new NotFoundError("Could not open the file at /tmp/rust_mozprofile9VQrwe/search.json.mozlz4", (void 0)))
1633678034259	Marionette	INFO	Listening on port 40783
1633678034388	RemoteAgent	WARN	TLS certificate errors will be ignored for this session
1633678036792	Marionette	INFO	Stopped listening on port 40783
JavaScript error: resource:///modules/Interactions.jsm, line 201: NS_ERROR_FAILURE: Component returned failure code: 0x80004005 (NS_ERROR_FAILURE) [nsIUserIdleService.removeIdleObserver]
console.warn: TopSitesFeed: Failed to fetch data from Contile server: NetworkError when attempting to fetch resource.
1633678036817	geckodriver::marionette	ERROR	Failed to close browser connection: Socket not connected (os error 107)
JavaScript error: chrome://remote/content/marionette/cert.js, line 55: NS_ERROR_NOT_AVAILABLE: Component returned failure code: 0x80040111 (NS_ERROR_NOT_AVAILABLE) [nsICertOverrideService.setDisableAllSecurityChecksAndLetAttackersInterceptMyData]
console.error: services.settings: 
  main/partitioning-exempt-urls Signature failed  TypeError: NetworkError when attempting to fetch resource.
1633678149479	geckodriver	INFO	Listening on 127.0.0.1:56757
1633678150492	mozrunner::runner	INFO	Running command: "/usr/bin/firefox" "--marionette" "-no-remote" "-profile" "/tmp/rust_mozprofileuTNgFx"
1633678151143	Marionette	INFO	Marionette enabled
console.warn: SearchSettings: "get: No settings file exists, new profile?" (new NotFoundError("Could not open the file at /tmp/rust_mozprofileuTNgFx/search.json.mozlz4", (void 0)))
1633678152137	Marionette	INFO	Listening on port 40213
1633678152232	RemoteAgent	WARN	TLS certificate errors will be ignored for this session
1633678171111	Marionette	INFO	Stopped listening on port 40213
JavaScript error: resource:///modules/Interactions.jsm, line 201: NS_ERROR_FAILURE: Component returned failure code: 0x80004005 (NS_ERROR_FAILURE) [nsIUserIdleService.removeIdleObserver]
console.warn: TopSitesFeed: Failed to fetch data from Contile server: NetworkError when attempting to fetch resource.
JavaScript error: chrome://remote/content/marionette/cert.js, line 55: NS_ERROR_NOT_AVAILABLE: Component returned failure code: 0x80040111 (NS_ERROR_NOT_AVAILABLE) [nsICertOverrideService.setDisableAllSecurityChecksAndLetAttackersInterceptMyData]

###!!! [Parent][RunMessage] Error: Channel closing: too late to send/recv, messages will be lost

1633678242469	geckodriver	INFO	Listening on 127.0.0.1:37769
1633678242483	mozrunner::runner	INFO	Running command: "/usr/bin/firefox" "--marionette" "-no-remote" "-profile" "/tmp/rust_mozprofile1vJK1E"
1633678243162	Marionette	INFO	Marionette enabled
console.warn: SearchSettings: "get: No settings file exists, new profile?" (new NotFoundError("Could not open the file at /tmp/rust_mozprofile1vJK1E/search.json.mozlz4", (void 0)))
1633678244158	Marionette	INFO	Listening on port 38619
1633678244216	RemoteAgent	WARN	TLS certificate errors will be ignored for this session
1633678246045	Marionette	INFO	Stopped listening on port 38619
JavaScript error: resource:///modules/Interactions.jsm, line 201: NS_ERROR_FAILURE: Component returned failure code: 0x80004005 (NS_ERROR_FAILURE) [nsIUserIdleService.removeIdleObserver]
console.warn: TopSitesFeed: Failed to fetch data from Contile server: NetworkError when attempting to fetch resource.
1633678246074	geckodriver::marionette	ERROR	Failed to close browser connection: Socket not connected (os error 107)
JavaScript error: chrome://remote/content/marionette/cert.js, line 55: NS_ERROR_NOT_AVAILABLE: Component returned failure code: 0x80040111 (NS_ERROR_NOT_AVAILABLE) [nsICertOverrideService.setDisableAllSecurityChecksAndLetAttackersInterceptMyData]
1633678357085	geckodriver	INFO	Listening on 127.0.0.1:58379
1633678357092	mozrunner::runner	INFO	Running command: "/usr/bin/firefox" "--marionette" "-no-remote" "-profile" "/tmp/rust_mozprofileyyM1HZ"
1633678357733	Marionette	INFO	Marionette enabled
console.warn: SearchSettings: "get: No settings file exists, new profile?" (new NotFoundError("Could not open the file at /tmp/rust_mozprofileyyM1HZ/search.json.mozlz4", (void 0)))
1633678358711	Marionette	INFO	Listening on port 34799
1633678358826	RemoteAgent	WARN	TLS certificate errors will be ignored for this session
1633678360034	Marionette	INFO	Stopped listening on port 34799
JavaScript error: resource:///modules/Interactions.jsm, line 201: NS_ERROR_FAILURE: Component returned failure code: 0x80004005 (NS_ERROR_FAILURE) [nsIUserIdleService.removeIdleObserver]
console.warn: TopSitesFeed: Failed to fetch data from Contile server: NetworkError when attempting to fetch resource.
JavaScript error: chrome://remote/content/marionette/cert.js, line 55: NS_ERROR_NOT_AVAILABLE: Component returned failure code: 0x80040111 (NS_ERROR_NOT_AVAILABLE) [nsICertOverrideService.setDisableAllSecurityChecksAndLetAttackersInterceptMyData]
1633678375631	geckodriver	INFO	Listening on 127.0.0.1:33055
1633678375636	mozrunner::runner	INFO	Running command: "/usr/bin/firefox" "--marionette" "-no-remote" "-profile" "/tmp/rust_mozprofileX2rlmI"
1633678376288	Marionette	INFO	Marionette enabled
console.warn: SearchSettings: "get: No settings file exists, new profile?" (new NotFoundError("Could not open the file at /tmp/rust_mozprofileX2rlmI/search.json.mozlz4", (void 0)))
1633678377359	Marionette	INFO	Listening on port 39191
1633678377476	RemoteAgent	WARN	TLS certificate errors will be ignored for this session
1633678392133	Marionette	INFO	Stopped listening on port 39191
JavaScript error: resource:///modules/Interactions.jsm, line 201: NS_ERROR_FAILURE: Component returned failure code: 0x80004005 (NS_ERROR_FAILURE) [nsIUserIdleService.removeIdleObserver]
console.warn: TopSitesFeed: Failed to fetch data from Contile server: NetworkError when attempting to fetch resource.
JavaScript error: chrome://remote/content/marionette/cert.js, line 55: NS_ERROR_NOT_AVAILABLE: Component returned failure code: 0x80040111 (NS_ERROR_NOT_AVAILABLE) [nsICertOverrideService.setDisableAllSecurityChecksAndLetAttackersInterceptMyData]

###!!! [Parent][RunMessage] Error: Channel closing: too late to send/recv, messages will be lost

1633678435012	geckodriver	INFO	Listening on 127.0.0.1:46529
1633678435015	mozrunner::runner	INFO	Running command: "/usr/bin/firefox" "--marionette" "-no-remote" "-profile" "/tmp/rust_mozprofile5Vi8fn"
1633678435628	Marionette	INFO	Marionette enabled
console.warn: SearchSettings: "get: No settings file exists, new profile?" (new NotFoundError("Could not open the file at /tmp/rust_mozprofile5Vi8fn/search.json.mozlz4", (void 0)))
1633678436702	Marionette	INFO	Listening on port 43879
1633678436730	RemoteAgent	WARN	TLS certificate errors will be ignored for this session
1633678460054	Marionette	INFO	Stopped listening on port 43879
JavaScript error: resource:///modules/Interactions.jsm, line 201: NS_ERROR_FAILURE: Component returned failure code: 0x80004005 (NS_ERROR_FAILURE) [nsIUserIdleService.removeIdleObserver]
console.warn: TopSitesFeed: Failed to fetch data from Contile server: NetworkError when attempting to fetch resource.
JavaScript error: chrome://remote/content/marionette/cert.js, line 55: NS_ERROR_NOT_AVAILABLE: Component returned failure code: 0x80040111 (NS_ERROR_NOT_AVAILABLE) [nsICertOverrideService.setDisableAllSecurityChecksAndLetAttackersInterceptMyData]

###!!! [Parent][RunMessage] Error: Channel closing: too late to send/recv, messages will be lost

1633678496513	geckodriver	INFO	Listening on 127.0.0.1:55985
1633678496518	mozrunner::runner	INFO	Running command: "/usr/bin/firefox" "--marionette" "-no-remote" "-profile" "/tmp/rust_mozprofileIGsKH1"
1633678497206	Marionette	INFO	Marionette enabled
console.warn: SearchSettings: "get: No settings file exists, new profile?" (new NotFoundError("Could not open the file at /tmp/rust_mozprofileIGsKH1/search.json.mozlz4", (void 0)))
1633678498270	Marionette	INFO	Listening on port 35095
1633678498336	RemoteAgent	WARN	TLS certificate errors will be ignored for this session
1633678516957	Marionette	INFO	Stopped listening on port 35095
JavaScript error: resource:///modules/Interactions.jsm, line 201: NS_ERROR_FAILURE: Component returned failure code: 0x80004005 (NS_ERROR_FAILURE) [nsIUserIdleService.removeIdleObserver]
console.warn: TopSitesFeed: Failed to fetch data from Contile server: NetworkError when attempting to fetch resource.
JavaScript error: chrome://remote/content/marionette/cert.js, line 55: NS_ERROR_NOT_AVAILABLE: Component returned failure code: 0x80040111 (NS_ERROR_NOT_AVAILABLE) [nsICertOverrideService.setDisableAllSecurityChecksAndLetAttackersInterceptMyData]

###!!! [Parent][RunMessage] Error: Channel closing: too late to send/recv, messages will be lost

1633678524527	geckodriver	INFO	Listening on 127.0.0.1:44565
1633678524533	mozrunner::runner	INFO	Running command: "/usr/bin/firefox" "--marionette" "-no-remote" "-profile" "/tmp/rust_mozprofile9ISLPn"
1633678525162	Marionette	INFO	Marionette enabled
console.warn: SearchSettings: "get: No settings file exists, new profile?" (new NotFoundError("Could not open the file at /tmp/rust_mozprofile9ISLPn/search.json.mozlz4", (void 0)))
1633678526103	Marionette	INFO	Listening on port 45649
1633678526221	RemoteAgent	WARN	TLS certificate errors will be ignored for this session
1633678543502	Marionette	INFO	Stopped listening on port 45649
JavaScript error: resource:///modules/Interactions.jsm, line 201: NS_ERROR_FAILURE: Component returned failure code: 0x80004005 (NS_ERROR_FAILURE) [nsIUserIdleService.removeIdleObserver]
console.warn: TopSitesFeed: Failed to fetch data from Contile server: NetworkError when attempting to fetch resource.
JavaScript error: chrome://remote/content/marionette/cert.js, line 55: NS_ERROR_NOT_AVAILABLE: Component returned failure code: 0x80040111 (NS_ERROR_NOT_AVAILABLE) [nsICertOverrideService.setDisableAllSecurityChecksAndLetAttackersInterceptMyData]
1633678543657	geckodriver::marionette	ERROR	Failed to close browser connection: Socket not connected (os error 107)

###!!! [Parent][RunMessage] Error: Channel closing: too late to send/recv, messages will be lost

1633678559555	geckodriver	INFO	Listening on 127.0.0.1:54723
1633678559561	mozrunner::runner	INFO	Running command: "/usr/bin/firefox" "--marionette" "-no-remote" "-profile" "/tmp/rust_mozprofileK9W7zC"
1633678560206	Marionette	INFO	Marionette enabled
console.warn: SearchSettings: "get: No settings file exists, new profile?" (new NotFoundError("Could not open the file at /tmp/rust_mozprofileK9W7zC/search.json.mozlz4", (void 0)))
1633678561237	Marionette	INFO	Listening on port 46227
1633678561286	RemoteAgent	WARN	TLS certificate errors will be ignored for this session
1633678575447	Marionette	INFO	Stopped listening on port 46227
JavaScript error: resource:///modules/Interactions.jsm, line 201: NS_ERROR_FAILURE: Component returned failure code: 0x80004005 (NS_ERROR_FAILURE) [nsIUserIdleService.removeIdleObserver]
console.warn: TopSitesFeed: Failed to fetch data from Contile server: NetworkError when attempting to fetch resource.
JavaScript error: chrome://remote/content/marionette/cert.js, line 55: NS_ERROR_NOT_AVAILABLE: Component returned failure code: 0x80040111 (NS_ERROR_NOT_AVAILABLE) [nsICertOverrideService.setDisableAllSecurityChecksAndLetAttackersInterceptMyData]

###!!! [Parent][RunMessage] Error: Channel closing: too late to send/recv, messages will be lost

